<?xml version="1.0" encoding="UTF-8"?>
<!-- Generated by org.testng.reporters.JUnitReportReporter -->
<testsuite skipped="0" hostname="LAPTOP-NUE1PJR8" name="dependancies.DependancyAdv" tests="4" failures="0" timestamp="01 Nov 2022 16:37:45 GMT" time="0.012" errors="0">
  <testcase name="users1" time="0.002" classname="dependancies.DependancyAdv"/>
  <testcase name="dash" time="0.007" classname="dependancies.DependancyAdv"/>
  <testcase name="users2" time="0.000" classname="dependancies.DependancyAdv"/>
  <testcase name="login" time="0.003" classname="dependancies.DependancyAdv"/>
</testsuite> <!-- dependancies.DependancyAdv -->
